<?xml version="1.0" encoding="UTF-8"?>
<!-- Generated by org.testng.reporters.JUnitXMLReporter -->
<testsuite ignored="0" hostname="Home-Laptop" failures="0" tests="10" name="Default test" time="75.609" errors="0" timestamp="2021-09-29T10:55:36 IST">
  <testcase classname="com.mindtree.runner.runner" name="signup" time="13.949"/>
  <testcase classname="com.mindtree.runner.runner" name="detailsupdate" time="8.737"/>
  <testcase classname="com.mindtree.runner.runner" name="store" time="8.658"/>
  <testcase classname="com.mindtree.runner.runner" name="cusStories" time="4.294"/>
  <testcase classname="com.mindtree.runner.runner" name="abtcompany" time="1.907"/>
  <testcase classname="com.mindtree.runner.runner" name="search" time="4.277"/>
  <testcase classname="com.mindtree.runner.runner" name="addcart" time="10.441"/>
  <testcase classname="com.mindtree.runner.runner" name="EMI" time="6.492"/>
  <testcase classname="com.mindtree.runner.runner" name="giveaway" time="3.131"/>
  <testcase classname="com.mindtree.runner.runner" name="logout" time="4.891"/>
</testsuite> <!-- Default test -->
